[debug] [2022-02-26T12:01:44.281Z] ----------------------------------------------------------------------
[debug] [2022-02-26T12:01:44.282Z] Command:       C:\Program Files\nodejs\node.exe C:\Users\GUNJAN\AppData\Roaming\npm\node_modules\firebase-tools\lib\bin\firebase.js init
[debug] [2022-02-26T12:01:44.283Z] CLI Version:   10.2.1
[debug] [2022-02-26T12:01:44.283Z] Platform:      win32
[debug] [2022-02-26T12:01:44.283Z] Node Version:  v16.14.0
[debug] [2022-02-26T12:01:44.284Z] Time:          Sat Feb 26 2022 17:31:44 GMT+0530 (India Standard Time)
[debug] [2022-02-26T12:01:44.285Z] ----------------------------------------------------------------------
[debug] 
[debug] [2022-02-26T12:01:44.293Z] > command requires scopes: ["email","openid","https://www.googleapis.com/auth/cloudplatformprojects.readonly","https://www.googleapis.com/auth/firebase","https://www.googleapis.com/auth/cloud-platform"]
[debug] [2022-02-26T12:01:44.294Z] > authorizing via signed-in user (kssrahuli116@gmail.com)
[info] 
     ######## #### ########  ######## ########     ###     ######  ########
     ##        ##  ##     ## ##       ##     ##  ##   ##  ##       ##
     ######    ##  ########  ######   ########  #########  ######  ######
     ##        ##  ##    ##  ##       ##     ## ##     ##       ## ##
     ##       #### ##     ## ######## ########  ##     ##  ######  ########

You're about to initialize a Firebase project in this directory:

  D:\React_Projects\tinderclone

[info] 
=== Project Setup
[info] 
[info] First, let's associate this project directory with a Firebase project.
[info] You can create multiple project aliases by running firebase use --add, 
[info] but for now we'll just set up a default project.
[info] 
[debug] [2022-02-26T12:02:27.732Z] >>> [apiv2][query] GET https://firebase.googleapis.com/v1beta1/projects pageSize=100
[debug] [2022-02-26T12:02:28.590Z] <<< [apiv2][status] GET https://firebase.googleapis.com/v1beta1/projects 200
[debug] [2022-02-26T12:02:28.591Z] <<< [apiv2][body] GET https://firebase.googleapis.com/v1beta1/projects [omitted]
[debug] [2022-02-26T13:41:28.781Z] Error: kill ENOSYS
    at process.kill (node:internal/process/per_thread:220:13)
    at process.listener (C:\Users\GUNJAN\AppData\Roaming\npm\node_modules\firebase-tools\node_modules\signal-exit\index.js:95:15)
    at process.emit (node:events:520:28)
